app/build/outputs/logs/manifest-merger-debug-report.txt
-- Merging decision tree log ---
manifest
ADDED from AndroidManifest.xml:2:1
	package
		ADDED from AndroidManifest.xml:3:7
		INJECTED from AndroidManifest.xml:0:0
		INJECTED from AndroidManifest.xml:0:0
	android:versionName
		ADDED from AndroidManifest.xml:5:7
	android:versionCode
		ADDED from AndroidManifest.xml:4:7
		INJECTED from AndroidManifest.xml:0:0
		INJECTED from AndroidManifest.xml:0:0
	xmlns:android
		ADDED from AndroidManifest.xml:2:11
uses-sdk
ADDED from AndroidManifest.xml:7:3
	android:minSdkVersion
		ADDED from AndroidManifest.xml:7:13
		INJECTED from AndroidManifest.xml:0:0
		INJECTED from AndroidManifest.xml:0:0
uses-permission#android.permission.INTERNET
ADDED from AndroidManifest.xml:9:3
	android:name
		ADDED from AndroidManifest.xml:9:20
uses-permission#android.permission.WRITE_EXTERNAL_STORAGE
ADDED from AndroidManifest.xml:10:3
	android:name
		ADDED from AndroidManifest.xml:10:20
application
ADDED from AndroidManifest.xml:12:3
	android:label
		ADDED from AndroidManifest.xml:12:46
	android:icon
		ADDED from AndroidManifest.xml:12:16
activity#com.dropbox.android.sample.DBRoulette
ADDED from AndroidManifest.xml:13:5
	android:label
		ADDED from AndroidManifest.xml:15:7
	android:configChanges
		ADDED from AndroidManifest.xml:16:7
	android:name
		ADDED from AndroidManifest.xml:14:7
intent-filter#android.intent.action.MAIN+android.intent.category.LAUNCHER
ADDED from AndroidManifest.xml:17:7
action#android.intent.action.MAIN
ADDED from AndroidManifest.xml:18:9
	android:name
		ADDED from AndroidManifest.xml:18:17
category#android.intent.category.LAUNCHER
ADDED from AndroidManifest.xml:19:9
	android:name
		ADDED from AndroidManifest.xml:19:19
activity#com.dropbox.client2.android.AuthActivity
ADDED from AndroidManifest.xml:23:5
	android:launchMode
		ADDED from AndroidManifest.xml:25:7
	android:configChanges
		ADDED from AndroidManifest.xml:26:7
	android:name
		ADDED from AndroidManifest.xml:24:7
intent-filter#android.intent.action.VIEW+android.intent.category.BROWSABLE+android.intent.category.DEFAULT
ADDED from AndroidManifest.xml:27:7
data
ADDED from AndroidManifest.xml:29:9
	android:scheme
		ADDED from AndroidManifest.xml:29:15
action#android.intent.action.VIEW
ADDED from AndroidManifest.xml:30:9
	android:name
		ADDED from AndroidManifest.xml:30:17
category#android.intent.category.BROWSABLE
ADDED from AndroidManifest.xml:31:9
	android:name
		ADDED from AndroidManifest.xml:31:19
category#android.intent.category.DEFAULT
ADDED from AndroidManifest.xml:32:9
	android:name
		ADDED from AndroidManifest.xml:32:19
activity#com.dropbox.android.sample.ListDropboxFiles
ADDED from AndroidManifest.xml:36:7
	android:label
		ADDED from AndroidManifest.xml:38:11
	android:configChanges
		ADDED from AndroidManifest.xml:39:11
	android:name
		ADDED from AndroidManifest.xml:37:11
intent-filter#android.intent.action.ListDropboxFiles+android.intent.category.DEFAULT
ADDED from AndroidManifest.xml:40:11
action#android.intent.action.ListDropboxFiles
ADDED from AndroidManifest.xml:41:15
	android:name
		ADDED from AndroidManifest.xml:41:23